<?xml version="1.0" encoding="UTF-8"?>
<testng-results ignored="0" total="2" passed="1" failed="1" skipped="0">
  <reporter-output>
  </reporter-output>
  <suite started-at="2025-06-24T20:03:57 IST" name="MasterSuite" finished-at="2025-06-24T20:04:48 IST" duration-ms="51032">
    <groups>
      <group name="Master">
        <method signature="TC001_AccountregistrationTest.account_Verification()[pri:0, instance:testCases.TC001_AccountregistrationTest@606e4010]" name="account_Verification" class="testCases.TC001_AccountregistrationTest"/>
        <method signature="TC_002_LoginIntoApplication.verify_loginAccount()[pri:0, instance:testCases.TC_002_LoginIntoApplication@2cb4893b]" name="verify_loginAccount" class="testCases.TC_002_LoginIntoApplication"/>
      </group> <!-- Master -->
      <group name="Sanity">
        <method signature="TC001_AccountregistrationTest.account_Verification()[pri:0, instance:testCases.TC001_AccountregistrationTest@606e4010]" name="account_Verification" class="testCases.TC001_AccountregistrationTest"/>
        <method signature="TC_002_LoginIntoApplication.verify_loginAccount()[pri:0, instance:testCases.TC_002_LoginIntoApplication@2cb4893b]" name="verify_loginAccount" class="testCases.TC_002_LoginIntoApplication"/>
      </group> <!-- Sanity -->
      <group name="Regression">
        <method signature="TC_002_LoginIntoApplication.verify_loginAccount()[pri:0, instance:testCases.TC_002_LoginIntoApplication@2cb4893b]" name="verify_loginAccount" class="testCases.TC_002_LoginIntoApplication"/>
      </group> <!-- Regression -->
    </groups>
    <test started-at="2025-06-24T20:03:57 IST" name="Test" finished-at="2025-06-24T20:04:48 IST" duration-ms="51032">
      <class name="testCases.TC_002_LoginIntoApplication">
        <test-method is-config="true" signature="setUp(java.lang.String,java.lang.String)[pri:0, instance:testCases.TC_002_LoginIntoApplication@2cb4893b]" started-at="2025-06-24T20:04:31 IST" name="setUp" finished-at="2025-06-24T20:04:35 IST" duration-ms="3667" status="PASS">
          <params>
            <param index="0">
              <value>
                <![CDATA[window]]>
              </value>
            </param>
            <param index="1">
              <value>
                <![CDATA[chrome]]>
              </value>
            </param>
          </params>
          <reporter-output>
          </reporter-output>
        </test-method> <!-- setUp -->
        <test-method signature="verify_loginAccount()[pri:0, instance:testCases.TC_002_LoginIntoApplication@2cb4893b]" started-at="2025-06-24T20:04:35 IST" name="verify_loginAccount" finished-at="2025-06-24T20:04:45 IST" duration-ms="10043" status="FAIL">
          <exception class="java.lang.AssertionError">
            <message>
              <![CDATA[null]]>
            </message>
            <full-stacktrace>
              <![CDATA[java.lang.AssertionError: null
at org.testng.Assert.fail(Assert.java:111)
at org.testng.Assert.fail(Assert.java:116)
at testCases.TC_002_LoginIntoApplication.verify_loginAccount(TC_002_LoginIntoApplication.java:39)
at java.base/jdk.internal.reflect.NativeMethodAccessorImpl.invoke0(Native Method)
at java.base/jdk.internal.reflect.NativeMethodAccessorImpl.invoke(NativeMethodAccessorImpl.java:77)
at java.base/jdk.internal.reflect.DelegatingMethodAccessorImpl.invoke(DelegatingMethodAccessorImpl.java:43)
at java.base/java.lang.reflect.Method.invoke(Method.java:568)
at org.testng.internal.invokers.MethodInvocationHelper.invokeMethod(MethodInvocationHelper.java:141)
at org.testng.internal.invokers.TestInvoker.invokeMethod(TestInvoker.java:687)
at org.testng.internal.invokers.TestInvoker.invokeTestMethod(TestInvoker.java:230)
at org.testng.internal.invokers.MethodRunner.runInSequence(MethodRunner.java:63)
at org.testng.internal.invokers.TestInvoker$MethodInvocationAgent.invoke(TestInvoker.java:995)
at org.testng.internal.invokers.TestInvoker.invokeTestMethods(TestInvoker.java:203)
at org.testng.internal.invokers.TestMethodWorker.invokeTestMethods(TestMethodWorker.java:154)
at org.testng.internal.invokers.TestMethodWorker.run(TestMethodWorker.java:134)
at java.base/java.util.ArrayList.forEach(ArrayList.java:1511)
at org.testng.TestRunner.privateRun(TestRunner.java:741)
at org.testng.TestRunner.run(TestRunner.java:616)
at org.testng.SuiteRunner.runTest(SuiteRunner.java:421)
at org.testng.SuiteRunner.runSequentially(SuiteRunner.java:413)
at org.testng.SuiteRunner.privateRun(SuiteRunner.java:373)
at org.testng.SuiteRunner.run(SuiteRunner.java:312)
at org.testng.SuiteRunnerWorker.runSuite(SuiteRunnerWorker.java:52)
at org.testng.SuiteRunnerWorker.run(SuiteRunnerWorker.java:95)
at org.testng.TestNG.runSuitesSequentially(TestNG.java:1274)
at org.testng.TestNG.runSuitesLocally(TestNG.java:1208)
at org.testng.TestNG.runSuites(TestNG.java:1112)
at org.testng.TestNG.run(TestNG.java:1079)
at org.testng.remote.AbstractRemoteTestNG.run(AbstractRemoteTestNG.java:115)
at org.testng.remote.RemoteTestNG.initAndRun(RemoteTestNG.java:293)
at org.testng.remote.RemoteTestNG.main(RemoteTestNG.java:91)
]]>
            </full-stacktrace>
          </exception> <!-- java.lang.AssertionError -->
          <reporter-output>
          </reporter-output>
        </test-method> <!-- verify_loginAccount -->
        <test-method is-config="true" signature="tearDown()[pri:0, instance:testCases.TC_002_LoginIntoApplication@2cb4893b]" started-at="2025-06-24T20:04:45 IST" name="tearDown" finished-at="2025-06-24T20:04:48 IST" duration-ms="2832" status="PASS">
          <reporter-output>
          </reporter-output>
        </test-method> <!-- tearDown -->
      </class> <!-- testCases.TC_002_LoginIntoApplication -->
      <class name="testCases.TC001_AccountregistrationTest">
        <test-method is-config="true" signature="setUp(java.lang.String,java.lang.String)[pri:0, instance:testCases.TC001_AccountregistrationTest@606e4010]" started-at="2025-06-24T20:03:57 IST" name="setUp" finished-at="2025-06-24T20:04:17 IST" duration-ms="20119" status="PASS">
          <params>
            <param index="0">
              <value>
                <![CDATA[window]]>
              </value>
            </param>
            <param index="1">
              <value>
                <![CDATA[chrome]]>
              </value>
            </param>
          </params>
          <reporter-output>
          </reporter-output>
        </test-method> <!-- setUp -->
        <test-method signature="account_Verification()[pri:0, instance:testCases.TC001_AccountregistrationTest@606e4010]" started-at="2025-06-24T20:04:17 IST" name="account_Verification" finished-at="2025-06-24T20:04:28 IST" duration-ms="10504" status="PASS">
          <reporter-output>
          </reporter-output>
        </test-method> <!-- account_Verification -->
        <test-method is-config="true" signature="tearDown()[pri:0, instance:testCases.TC001_AccountregistrationTest@606e4010]" started-at="2025-06-24T20:04:28 IST" name="tearDown" finished-at="2025-06-24T20:04:31 IST" duration-ms="2943" status="PASS">
          <reporter-output>
          </reporter-output>
        </test-method> <!-- tearDown -->
      </class> <!-- testCases.TC001_AccountregistrationTest -->
    </test> <!-- Test -->
  </suite> <!-- MasterSuite -->
</testng-results>
